<?xml version="1.0" encoding="UTF-8"?>
<!-- Generated by org.testng.reporters.JUnitReportReporter -->
<testsuite hostname="DESKTOP-RJLER7D" failures="0" tests="1" name="com.obsqura.rmartSupermarket.testscript.LoginTest" time="27.957" errors="0" timestamp="2023-08-02T07:58:52 IST" skipped="0">
  <testcase classname="com.obsqura.rmartSupermarket.testscript.LoginTest" name="verifyTheUserIsAbleToLogInValidCredential" time="27.957"/>
</testsuite> <!-- com.obsqura.rmartSupermarket.testscript.LoginTest -->
