<?xml version="1.0" encoding="UTF-8"?>
<!-- Generated by org.testng.reporters.JUnitReportReporter -->
<testsuite hostname="DESKTOP-RJLER7D" failures="0" tests="1" name="com.obsqura.rmartSupermarket.testscript.AdminSettingsTest" time="10.278" errors="0" timestamp="2023-08-01T19:03:29 IST" skipped="0">
  <testcase classname="com.obsqura.rmartSupermarket.testscript.AdminSettingsTest" name="verifyWhetherUserCanAbleToLogOutFromApplication" time="10.278"/>
</testsuite> <!-- com.obsqura.rmartSupermarket.testscript.AdminSettingsTest -->
