<?xml version="1.0" encoding="UTF-8"?>
<!-- Generated by org.testng.reporters.JUnitReportReporter -->
<testsuite hostname="DESKTOP-RJLER7D" failures="0" tests="1" name="com.obsqura.rmartSupermarket.testscript.AdminUserTest" time="17.493" errors="0" timestamp="2023-07-28T10:35:03 IST" skipped="0">
  <testcase classname="com.obsqura.rmartSupermarket.testscript.AdminUserTest" name="verifyUserCanAbleToAddNewUserInAdminUserPage" time="17.493"/>
</testsuite> <!-- com.obsqura.rmartSupermarket.testscript.AdminUserTest -->
