<?xml version="1.0" encoding="UTF-8"?>
<!-- Generated by org.testng.reporters.JUnitReportReporter -->
<testsuite hostname="DESKTOP-RJLER7D" failures="0" tests="1" name="com.obsqura.rmartSupermarket.testscript.ManageNewsTest" time="11.696" errors="0" timestamp="2023-07-28T12:22:04 IST" skipped="0">
  <testcase classname="com.obsqura.rmartSupermarket.testscript.ManageNewsTest" name="verifyWhetherUserCanAbleToUPdateNewsInManageNewsPage" time="11.696"/>
</testsuite> <!-- com.obsqura.rmartSupermarket.testscript.ManageNewsTest -->
