<?xml version="1.0" encoding="UTF-8"?>
<!-- Generated by org.testng.reporters.JUnitReportReporter -->
<testsuite hostname="DESKTOP-RJLER7D" failures="0" tests="1" name="com.obsqura.rmartSupermarket.testscript.MobileSliderTest" time="14.152" errors="0" timestamp="2023-07-27T22:05:17 IST" skipped="0">
  <testcase classname="com.obsqura.rmartSupermarket.testscript.MobileSliderTest" name="checkWhetherTheUserAbletoSelectValueFromDropDown" time="14.152"/>
</testsuite> <!-- com.obsqura.rmartSupermarket.testscript.MobileSliderTest -->
