<?xml version="1.0" encoding="UTF-8"?>
<!-- Generated by org.testng.reporters.JUnitReportReporter -->
<testsuite hostname="DESKTOP-RJLER7D" failures="0" tests="1" name="com.obsqura.rmartSupermarket.testscript.LogOutTest" time="12.926" errors="0" timestamp="2023-07-28T09:45:05 IST" skipped="0">
  <testcase classname="com.obsqura.rmartSupermarket.testscript.LogOutTest" name="verifyWhetherUserCanAbleToLogOutFromApplication" time="12.926"/>
</testsuite> <!-- com.obsqura.rmartSupermarket.testscript.LogOutTest -->
