<?xml version="1.0" encoding="UTF-8"?>
<!-- Generated by org.testng.reporters.JUnitReportReporter -->
<testsuite hostname="DESKTOP-RJLER7D" failures="0" tests="1" name="com.obsqura.rmartSupermarket.DashBoard" time="7.009" errors="0" timestamp="2023-07-13T19:47:02 IST" skipped="0">
  <testcase classname="com.obsqura.rmartSupermarket.DashBoard" name="navigate" time="7.009"/>
  <system-out/>
</testsuite> <!-- com.obsqura.rmartSupermarket.DashBoard -->
